<?xml version="1.0" encoding="UTF-8"?>
<testng-results ignored="0" total="2" passed="2" failed="0" skipped="0">
  <reporter-output>
  </reporter-output>
  <suite started-at="2024-02-21T23:25:31 IST" name="Default suite" finished-at="2024-02-21T23:26:28 IST" duration-ms="57108">
    <groups>
      <group name="cucumber">
        <method signature="AbstractTestNGCucumberTests.runScenario(io.cucumber.testng.PickleWrapper,io.cucumber.testng.FeatureWrapper)[pri:0, instance:testcases.CucumberRunner@2d1ef81a]" name="runScenario" class="io.cucumber.testng.AbstractTestNGCucumberTests"/>
      </group> <!-- cucumber -->
    </groups>
    <test started-at="2024-02-21T23:25:31 IST" name="Default test" finished-at="2024-02-21T23:26:28 IST" duration-ms="57108">
      <class name="testcases.CucumberRunner">
        <test-method is-config="true" signature="setUpClass(org.testng.ITestContext)[pri:0, instance:testcases.CucumberRunner@2d1ef81a]" started-at="2024-02-21T23:25:31 IST" name="setUpClass" finished-at="2024-02-21T23:25:31 IST" duration-ms="420" status="PASS">
          <params>
            <param index="0">
              <value>
                <![CDATA[org.testng.TestRunner@4e7095ac]]>
              </value>
            </param>
          </params>
          <reporter-output>
          </reporter-output>
        </test-method> <!-- setUpClass -->
        <test-method is-config="true" signature="preConditions()[pri:0, instance:testcases.CucumberRunner@2d1ef81a]" started-at="2024-02-21T23:25:31 IST" name="preConditions" finished-at="2024-02-21T23:25:54 IST" duration-ms="23438" status="PASS">
          <reporter-output>
          </reporter-output>
        </test-method> <!-- preConditions -->
        <test-method is-config="true" signature="preConditions()[pri:0, instance:testcases.CucumberRunner@2d1ef81a]" started-at="2024-02-21T23:25:31 IST" name="preConditions" finished-at="2024-02-21T23:25:59 IST" duration-ms="27938" status="PASS">
          <reporter-output>
          </reporter-output>
        </test-method> <!-- preConditions -->
        <test-method signature="runScenario(io.cucumber.testng.PickleWrapper,io.cucumber.testng.FeatureWrapper)[pri:0, instance:testcases.CucumberRunner@2d1ef81a]" started-at="2024-02-21T23:25:54 IST" name="runScenario" description="Runs Cucumber Scenarios" data-provider="scenarios" finished-at="2024-02-21T23:26:21 IST" duration-ms="26964" status="PASS">
          <params>
            <param index="0">
              <value>
                <![CDATA["Create Lead with with multiple data"]]>
              </value>
            </param>
            <param index="1">
              <value>
                <![CDATA["CreateLead functionality of Leaftaps Application"]]>
              </value>
            </param>
          </params>
          <reporter-output>
          </reporter-output>
        </test-method> <!-- runScenario -->
        <test-method signature="runScenario(io.cucumber.testng.PickleWrapper,io.cucumber.testng.FeatureWrapper)[pri:0, instance:testcases.CucumberRunner@2d1ef81a]" started-at="2024-02-21T23:25:59 IST" name="runScenario" description="Runs Cucumber Scenarios" data-provider="scenarios" finished-at="2024-02-21T23:26:24 IST" duration-ms="25432" status="PASS">
          <params>
            <param index="0">
              <value>
                <![CDATA["Create Lead with with multiple data"]]>
              </value>
            </param>
            <param index="1">
              <value>
                <![CDATA["CreateLead functionality of Leaftaps Application"]]>
              </value>
            </param>
          </params>
          <reporter-output>
          </reporter-output>
        </test-method> <!-- runScenario -->
        <test-method is-config="true" signature="postConditions()[pri:0, instance:testcases.CucumberRunner@2d1ef81a]" started-at="2024-02-21T23:26:21 IST" name="postConditions" finished-at="2024-02-21T23:26:22 IST" duration-ms="133" status="PASS">
          <reporter-output>
          </reporter-output>
        </test-method> <!-- postConditions -->
        <test-method is-config="true" signature="postConditions()[pri:0, instance:testcases.CucumberRunner@2d1ef81a]" started-at="2024-02-21T23:26:24 IST" name="postConditions" finished-at="2024-02-21T23:26:24 IST" duration-ms="94" status="PASS">
          <reporter-output>
          </reporter-output>
        </test-method> <!-- postConditions -->
        <test-method is-config="true" signature="tearDownClass()[pri:0, instance:testcases.CucumberRunner@2d1ef81a]" started-at="2024-02-21T23:26:24 IST" name="tearDownClass" finished-at="2024-02-21T23:26:28 IST" duration-ms="3189" status="PASS">
          <reporter-output>
          </reporter-output>
        </test-method> <!-- tearDownClass -->
      </class> <!-- testcases.CucumberRunner -->
    </test> <!-- Default test -->
  </suite> <!-- Default suite -->
</testng-results>
