<?xml version="1.0" encoding="UTF-8"?>
<testng-results ignored="0" total="1" passed="1" failed="0" skipped="0">
  <reporter-output>
  </reporter-output>
  <suite started-at="2024-02-18T14:16:20 IST" name="Suite" finished-at="2024-02-18T14:17:01 IST" duration-ms="40883">
    <groups>
    </groups>
    <test started-at="2024-02-18T14:16:20 IST" name="Test" finished-at="2024-02-18T14:17:01 IST" duration-ms="40883">
      <class name="testcases.RunCreateLead">
        <test-method is-config="true" signature="setValue()[pri:0, instance:testcases.RunCreateLead@4562e04d]" started-at="2024-02-18T14:16:20 IST" name="setValue" finished-at="2024-02-18T14:16:20 IST" duration-ms="5" status="PASS">
          <reporter-output>
          </reporter-output>
        </test-method> <!-- setValue -->
        <test-method is-config="true" signature="preConditions()[pri:0, instance:testcases.RunCreateLead@4562e04d]" started-at="2024-02-18T14:16:21 IST" name="preConditions" finished-at="2024-02-18T14:16:28 IST" duration-ms="7205" status="PASS">
          <reporter-output>
          </reporter-output>
        </test-method> <!-- preConditions -->
        <test-method signature="runTestCases(java.lang.String,java.lang.String,java.lang.String,java.lang.String,java.lang.String)[pri:0, instance:testcases.RunCreateLead@4562e04d]" started-at="2024-02-18T14:16:28 IST" name="runTestCases" data-provider="sendData" finished-at="2024-02-18T14:17:01 IST" duration-ms="32923" status="PASS">
          <params>
            <param index="0">
              <value>
                <![CDATA[DemoCSR]]>
              </value>
            </param>
            <param index="1">
              <value>
                <![CDATA[crmsfa]]>
              </value>
            </param>
            <param index="2">
              <value>
                <![CDATA[Qeagle]]>
              </value>
            </param>
            <param index="3">
              <value>
                <![CDATA[Sirisha]]>
              </value>
            </param>
            <param index="4">
              <value>
                <![CDATA[R]]>
              </value>
            </param>
          </params>
          <reporter-output>
          </reporter-output>
        </test-method> <!-- runTestCases -->
        <test-method is-config="true" signature="postConditions()[pri:0, instance:testcases.RunCreateLead@4562e04d]" started-at="2024-02-18T14:17:01 IST" name="postConditions" finished-at="2024-02-18T14:17:01 IST" duration-ms="184" status="PASS">
          <reporter-output>
          </reporter-output>
        </test-method> <!-- postConditions -->
      </class> <!-- testcases.RunCreateLead -->
    </test> <!-- Test -->
  </suite> <!-- Suite -->
</testng-results>
