<?xml version="1.0" encoding="UTF-8"?>
<testng-results ignored="0" total="1" passed="1" failed="0" skipped="0">
  <reporter-output>
  </reporter-output>
  <suite started-at="2024-02-20T21:42:37 IST" name="Default suite" finished-at="2024-02-20T21:42:54 IST" duration-ms="17301">
    <groups>
      <group name="cucumber">
        <method signature="AbstractTestNGCucumberTests.runScenario(io.cucumber.testng.PickleWrapper,io.cucumber.testng.FeatureWrapper)[pri:0, instance:testcases.RunCreateLead@76505305]" name="runScenario" class="io.cucumber.testng.AbstractTestNGCucumberTests"/>
      </group> <!-- cucumber -->
    </groups>
    <test started-at="2024-02-20T21:42:37 IST" name="Default test" finished-at="2024-02-20T21:42:54 IST" duration-ms="17301">
      <class name="testcases.RunCreateLead">
        <test-method is-config="true" signature="setValue()[pri:0, instance:testcases.RunCreateLead@76505305]" started-at="2024-02-20T21:42:37 IST" name="setValue" finished-at="2024-02-20T21:42:37 IST" duration-ms="7" status="PASS">
          <reporter-output>
          </reporter-output>
        </test-method> <!-- setValue -->
        <test-method is-config="true" signature="setUpClass(org.testng.ITestContext)[pri:0, instance:testcases.RunCreateLead@76505305]" started-at="2024-02-20T21:42:37 IST" name="setUpClass" finished-at="2024-02-20T21:42:37 IST" duration-ms="168" status="PASS">
          <params>
            <param index="0">
              <value>
                <![CDATA[org.testng.TestRunner@3166f664]]>
              </value>
            </param>
          </params>
          <reporter-output>
          </reporter-output>
        </test-method> <!-- setUpClass -->
        <test-method is-config="true" signature="preConditions()[pri:0, instance:testcases.RunCreateLead@76505305]" started-at="2024-02-20T21:42:38 IST" name="preConditions" finished-at="2024-02-20T21:42:45 IST" duration-ms="7625" status="PASS">
          <reporter-output>
          </reporter-output>
        </test-method> <!-- preConditions -->
        <test-method signature="runTestCases(java.lang.String,java.lang.String,java.lang.String,java.lang.String,java.lang.String)[pri:0, instance:testcases.RunCreateLead@76505305]" started-at="2024-02-20T21:42:45 IST" name="runTestCases" data-provider="sendData" finished-at="2024-02-20T21:42:54 IST" duration-ms="8243" status="PASS">
          <params>
            <param index="0">
              <value>
                <![CDATA[DemoCSR]]>
              </value>
            </param>
            <param index="1">
              <value>
                <![CDATA[crmsfa]]>
              </value>
            </param>
            <param index="2">
              <value>
                <![CDATA[Qeagle]]>
              </value>
            </param>
            <param index="3">
              <value>
                <![CDATA[Sirisha]]>
              </value>
            </param>
            <param index="4">
              <value>
                <![CDATA[R]]>
              </value>
            </param>
          </params>
          <reporter-output>
          </reporter-output>
        </test-method> <!-- runTestCases -->
        <test-method is-config="true" signature="postConditions()[pri:0, instance:testcases.RunCreateLead@76505305]" started-at="2024-02-20T21:42:54 IST" name="postConditions" finished-at="2024-02-20T21:42:54 IST" duration-ms="157" status="PASS">
          <reporter-output>
          </reporter-output>
        </test-method> <!-- postConditions -->
        <test-method is-config="true" signature="tearDownClass()[pri:0, instance:testcases.RunCreateLead@76505305]" started-at="2024-02-20T21:42:54 IST" name="tearDownClass" finished-at="2024-02-20T21:42:54 IST" duration-ms="16" status="PASS">
          <reporter-output>
          </reporter-output>
        </test-method> <!-- tearDownClass -->
      </class> <!-- testcases.RunCreateLead -->
    </test> <!-- Default test -->
  </suite> <!-- Default suite -->
</testng-results>
