<?xml version="1.0" encoding="UTF-8"?>
<testng-results ignored="0" total="2" passed="2" failed="0" skipped="0">
  <reporter-output>
  </reporter-output>
  <suite started-at="2024-02-14T10:25:16 IST" name="Suite" finished-at="2024-02-14T10:25:28 IST" duration-ms="11734">
    <groups>
    </groups>
    <test started-at="2024-02-14T10:25:16 IST" name="Test" finished-at="2024-02-14T10:25:28 IST" duration-ms="11734">
      <class name="testcases.RunLogin">
        <test-method is-config="true" signature="preConditions()[pri:0, instance:testcases.RunLogin@16d04d3d]" started-at="2024-02-14T10:25:16 IST" name="preConditions" finished-at="2024-02-14T10:25:23 IST" duration-ms="7393" status="PASS">
          <reporter-output>
          </reporter-output>
        </test-method> <!-- preConditions -->
        <test-method signature="login()[pri:0, instance:testcases.RunLogin@16d04d3d]" started-at="2024-02-14T10:25:23 IST" name="login" finished-at="2024-02-14T10:25:25 IST" duration-ms="1488" status="PASS">
          <reporter-output>
          </reporter-output>
        </test-method> <!-- login -->
        <test-method is-config="true" signature="postConditions()[pri:0, instance:testcases.RunLogin@16d04d3d]" started-at="2024-02-14T10:25:25 IST" name="postConditions" finished-at="2024-02-14T10:25:25 IST" duration-ms="148" status="PASS">
          <reporter-output>
          </reporter-output>
        </test-method> <!-- postConditions -->
      </class> <!-- testcases.RunLogin -->
      <class name="testcases.RunCreateLead">
        <test-method is-config="true" signature="preConditions()[pri:0, instance:testcases.RunCreateLead@55b699ef]" started-at="2024-02-14T10:25:16 IST" name="preConditions" finished-at="2024-02-14T10:25:24 IST" duration-ms="7633" status="PASS">
          <reporter-output>
          </reporter-output>
        </test-method> <!-- preConditions -->
        <test-method signature="runTestCases()[pri:0, instance:testcases.RunCreateLead@55b699ef]" started-at="2024-02-14T10:25:24 IST" name="runTestCases" finished-at="2024-02-14T10:25:27 IST" duration-ms="3923" status="PASS">
          <reporter-output>
          </reporter-output>
        </test-method> <!-- runTestCases -->
        <test-method is-config="true" signature="postConditions()[pri:0, instance:testcases.RunCreateLead@55b699ef]" started-at="2024-02-14T10:25:27 IST" name="postConditions" finished-at="2024-02-14T10:25:28 IST" duration-ms="132" status="PASS">
          <reporter-output>
          </reporter-output>
        </test-method> <!-- postConditions -->
      </class> <!-- testcases.RunCreateLead -->
    </test> <!-- Test -->
  </suite> <!-- Suite -->
</testng-results>
