<?xml version="1.0" encoding="UTF-8"?>
<testng-results ignored="0" total="2" passed="2" failed="0" skipped="0">
  <reporter-output>
  </reporter-output>
  <suite started-at="2024-02-18T10:49:38 IST" name="Suite" finished-at="2024-02-18T10:50:50 IST" duration-ms="72215">
    <groups>
    </groups>
    <test started-at="2024-02-18T10:49:38 IST" name="Test" finished-at="2024-02-18T10:50:50 IST" duration-ms="72215">
      <class name="testcases.RunCreateLead">
        <test-method is-config="true" signature="setValue()[pri:0, instance:testcases.RunCreateLead@3023df74]" started-at="2024-02-18T10:49:38 IST" name="setValue" finished-at="2024-02-18T10:49:38 IST" duration-ms="8" status="PASS">
          <reporter-output>
          </reporter-output>
        </test-method> <!-- setValue -->
        <test-method is-config="true" signature="preConditions()[pri:0, instance:testcases.RunCreateLead@3023df74]" started-at="2024-02-18T10:49:39 IST" name="preConditions" finished-at="2024-02-18T10:49:48 IST" duration-ms="8942" status="PASS">
          <reporter-output>
          </reporter-output>
        </test-method> <!-- preConditions -->
        <test-method signature="runTestCases(java.lang.String,java.lang.String,java.lang.String,java.lang.String,java.lang.String)[pri:0, instance:testcases.RunCreateLead@3023df74]" started-at="2024-02-18T10:49:48 IST" name="runTestCases" data-provider="sendData" finished-at="2024-02-18T10:50:15 IST" duration-ms="27337" status="PASS">
          <params>
            <param index="0">
              <value>
                <![CDATA[Demosalesmanager]]>
              </value>
            </param>
            <param index="1">
              <value>
                <![CDATA[crmsfa]]>
              </value>
            </param>
            <param index="2">
              <value>
                <![CDATA[TestLeaf]]>
              </value>
            </param>
            <param index="3">
              <value>
                <![CDATA[Subash]]>
              </value>
            </param>
            <param index="4">
              <value>
                <![CDATA[S]]>
              </value>
            </param>
          </params>
          <reporter-output>
          </reporter-output>
        </test-method> <!-- runTestCases -->
        <test-method is-config="true" signature="postConditions()[pri:0, instance:testcases.RunCreateLead@3023df74]" started-at="2024-02-18T10:50:15 IST" name="postConditions" finished-at="2024-02-18T10:50:15 IST" duration-ms="181" status="PASS">
          <reporter-output>
          </reporter-output>
        </test-method> <!-- postConditions -->
        <test-method is-config="true" signature="preConditions()[pri:0, instance:testcases.RunCreateLead@3023df74]" started-at="2024-02-18T10:50:15 IST" name="preConditions" finished-at="2024-02-18T10:50:22 IST" duration-ms="6614" status="PASS">
          <reporter-output>
          </reporter-output>
        </test-method> <!-- preConditions -->
        <test-method signature="runTestCases(java.lang.String,java.lang.String,java.lang.String,java.lang.String,java.lang.String)[pri:0, instance:testcases.RunCreateLead@3023df74]" started-at="2024-02-18T10:50:22 IST" name="runTestCases" data-provider="sendData" finished-at="2024-02-18T10:50:50 IST" duration-ms="27977" status="PASS">
          <params>
            <param index="0">
              <value>
                <![CDATA[DemoCSR]]>
              </value>
            </param>
            <param index="1">
              <value>
                <![CDATA[crmsfa]]>
              </value>
            </param>
            <param index="2">
              <value>
                <![CDATA[Qeagle]]>
              </value>
            </param>
            <param index="3">
              <value>
                <![CDATA[Sirisha]]>
              </value>
            </param>
            <param index="4">
              <value>
                <![CDATA[R]]>
              </value>
            </param>
          </params>
          <reporter-output>
          </reporter-output>
        </test-method> <!-- runTestCases -->
        <test-method is-config="true" signature="postConditions()[pri:0, instance:testcases.RunCreateLead@3023df74]" started-at="2024-02-18T10:50:50 IST" name="postConditions" finished-at="2024-02-18T10:50:50 IST" duration-ms="163" status="PASS">
          <reporter-output>
          </reporter-output>
        </test-method> <!-- postConditions -->
      </class> <!-- testcases.RunCreateLead -->
    </test> <!-- Test -->
  </suite> <!-- Suite -->
</testng-results>
